Compiling the C compiler identification source file "CMakeCCompilerId.c" failed.
Compiler: /usr/bin/arm-none-eabi-gcc 
Build flags: 
Id flags:  

The output was:
1
/usr/lib/gcc/arm-none-eabi/12.2.0/../../../../arm-none-eabi/bin/ld: /usr/lib/gcc/arm-none-eabi/12.2.0/../../../../arm-none-eabi/lib/libc.a(libc_a-exit.o): in function `exit':
/build/arm-none-eabi-newlib/src/build-newlib/arm-none-eabi/newlib/../../../newlib-4.3.0.20230120/newlib/libc/stdlib/exit.c:65: undefined reference to `_exit'
/usr/lib/gcc/arm-none-eabi/12.2.0/../../../../arm-none-eabi/bin/ld: /usr/lib/gcc/arm-none-eabi/12.2.0/../../../../arm-none-eabi/lib/libc.a(libc_a-closer.o): in function `_close_r':
/build/arm-none-eabi-newlib/src/build-newlib/arm-none-eabi/newlib/../../../newlib-4.3.0.20230120/newlib/libc/reent/closer.c:47: undefined reference to `_close'
/usr/lib/gcc/arm-none-eabi/12.2.0/../../../../arm-none-eabi/bin/ld: /usr/lib/gcc/arm-none-eabi/12.2.0/../../../../arm-none-eabi/lib/libc.a(libc_a-lseekr.o): in function `_lseek_r':
/build/arm-none-eabi-newlib/src/build-newlib/arm-none-eabi/newlib/../../../newlib-4.3.0.20230120/newlib/libc/reent/lseekr.c:49: undefined reference to `_lseek'
/usr/lib/gcc/arm-none-eabi/12.2.0/../../../../arm-none-eabi/bin/ld: /usr/lib/gcc/arm-none-eabi/12.2.0/../../../../arm-none-eabi/lib/libc.a(libc_a-readr.o): in function `_read_r':
/build/arm-none-eabi-newlib/src/build-newlib/arm-none-eabi/newlib/../../../newlib-4.3.0.20230120/newlib/libc/reent/readr.c:49: undefined reference to `_read'
/usr/lib/gcc/arm-none-eabi/12.2.0/../../../../arm-none-eabi/bin/ld: /usr/lib/gcc/arm-none-eabi/12.2.0/../../../../arm-none-eabi/lib/libc.a(libc_a-writer.o): in function `_write_r':
/build/arm-none-eabi-newlib/src/build-newlib/arm-none-eabi/newlib/../../../newlib-4.3.0.20230120/newlib/libc/reent/writer.c:49: undefined reference to `_write'
/usr/lib/gcc/arm-none-eabi/12.2.0/../../../../arm-none-eabi/bin/ld: /usr/lib/gcc/arm-none-eabi/12.2.0/../../../../arm-none-eabi/lib/libc.a(libc_a-sbrkr.o): in function `_sbrk_r':
/build/arm-none-eabi-newlib/src/build-newlib/arm-none-eabi/newlib/../../../newlib-4.3.0.20230120/newlib/libc/reent/sbrkr.c:51: undefined reference to `_sbrk'
collect2: error: ld returned 1 exit status


Compiling the CXX compiler identification source file "CMakeCXXCompilerId.cpp" failed.
Compiler: /usr/bin/arm-none-eabi-g++ 
Build flags: 
Id flags:  

The output was:
1
/usr/lib/gcc/arm-none-eabi/12.2.0/../../../../arm-none-eabi/bin/ld: /usr/lib/gcc/arm-none-eabi/12.2.0/../../../../arm-none-eabi/lib/libc.a(libc_a-exit.o): in function `exit':
/build/arm-none-eabi-newlib/src/build-newlib/arm-none-eabi/newlib/../../../newlib-4.3.0.20230120/newlib/libc/stdlib/exit.c:65: undefined reference to `_exit'
/usr/lib/gcc/arm-none-eabi/12.2.0/../../../../arm-none-eabi/bin/ld: /usr/lib/gcc/arm-none-eabi/12.2.0/../../../../arm-none-eabi/lib/libc.a(libc_a-closer.o): in function `_close_r':
/build/arm-none-eabi-newlib/src/build-newlib/arm-none-eabi/newlib/../../../newlib-4.3.0.20230120/newlib/libc/reent/closer.c:47: undefined reference to `_close'
/usr/lib/gcc/arm-none-eabi/12.2.0/../../../../arm-none-eabi/bin/ld: /usr/lib/gcc/arm-none-eabi/12.2.0/../../../../arm-none-eabi/lib/libc.a(libc_a-lseekr.o): in function `_lseek_r':
/build/arm-none-eabi-newlib/src/build-newlib/arm-none-eabi/newlib/../../../newlib-4.3.0.20230120/newlib/libc/reent/lseekr.c:49: undefined reference to `_lseek'
/usr/lib/gcc/arm-none-eabi/12.2.0/../../../../arm-none-eabi/bin/ld: /usr/lib/gcc/arm-none-eabi/12.2.0/../../../../arm-none-eabi/lib/libc.a(libc_a-readr.o): in function `_read_r':
/build/arm-none-eabi-newlib/src/build-newlib/arm-none-eabi/newlib/../../../newlib-4.3.0.20230120/newlib/libc/reent/readr.c:49: undefined reference to `_read'
/usr/lib/gcc/arm-none-eabi/12.2.0/../../../../arm-none-eabi/bin/ld: /usr/lib/gcc/arm-none-eabi/12.2.0/../../../../arm-none-eabi/lib/libc.a(libc_a-writer.o): in function `_write_r':
/build/arm-none-eabi-newlib/src/build-newlib/arm-none-eabi/newlib/../../../newlib-4.3.0.20230120/newlib/libc/reent/writer.c:49: undefined reference to `_write'
/usr/lib/gcc/arm-none-eabi/12.2.0/../../../../arm-none-eabi/bin/ld: /usr/lib/gcc/arm-none-eabi/12.2.0/../../../../arm-none-eabi/lib/libc.a(libc_a-sbrkr.o): in function `_sbrk_r':
/build/arm-none-eabi-newlib/src/build-newlib/arm-none-eabi/newlib/../../../newlib-4.3.0.20230120/newlib/libc/reent/sbrkr.c:51: undefined reference to `_sbrk'
collect2: error: ld returned 1 exit status


